<?xml version="1.0" encoding="UTF-8"?>
<testng-results ignored="0" total="1" passed="1" failed="0" skipped="0">
  <reporter-output>
  </reporter-output>
  <suite started-at="2021-01-20T15:57:46 IST" name="Suite" finished-at="2021-01-20T15:58:18 IST" duration-ms="32350">
    <groups>
    </groups>
    <test started-at="2021-01-20T15:57:46 IST" name="Test" finished-at="2021-01-20T15:58:18 IST" duration-ms="32350">
      <class name="com.AppProject.AppLoginTest">
        <test-method is-config="true" signature="AppSuite()[pri:0, instance:com.AppProject.AppLoginTest@7690781]" started-at="2021-01-20T15:57:46 IST" name="AppSuite" finished-at="2021-01-20T15:57:46 IST" duration-ms="10" status="PASS">
          <reporter-output>
          </reporter-output>
        </test-method> <!-- AppSuite -->
        <test-method is-config="true" signature="launchBrowser()[pri:0, instance:com.AppProject.AppLoginTest@7690781]" started-at="2021-01-20T15:57:46 IST" name="launchBrowser" finished-at="2021-01-20T15:58:12 IST" duration-ms="26353" status="PASS">
          <reporter-output>
          </reporter-output>
        </test-method> <!-- launchBrowser -->
        <test-method signature="verifylogin()[pri:0, instance:com.AppProject.AppLoginTest@7690781]" started-at="2021-01-20T15:58:12 IST" name="verifylogin" finished-at="2021-01-20T15:58:17 IST" duration-ms="5084" status="PASS">
          <reporter-output>
          </reporter-output>
        </test-method> <!-- verifylogin -->
        <test-method is-config="true" signature="closeBrowser()[pri:0, instance:com.AppProject.AppLoginTest@7690781]" started-at="2021-01-20T15:58:17 IST" name="closeBrowser" finished-at="2021-01-20T15:58:18 IST" duration-ms="841" status="PASS">
          <reporter-output>
          </reporter-output>
        </test-method> <!-- closeBrowser -->
      </class> <!-- com.AppProject.AppLoginTest -->
    </test> <!-- Test -->
  </suite> <!-- Suite -->
</testng-results>
