<?xml version="1.0" encoding="UTF-8"?>
<!-- Generated by org.testng.reporters.JUnitXMLReporter -->
<testsuite ignored="0" hostname="DESKTOP-NEQ251A" failures="1" tests="1" name="AppLogin" time="11.602" errors="0" timestamp="29 Oct 2020 03:50:50 GMT">
  <testcase classname="com.AppProject.AppLoginTest" name="verifylogin" time="0.017">
    <failure type="java.lang.NullPointerException" message="Cannot invoke &amp;quot;org.openqa.selenium.WebDriver.findElement(org.openqa.selenium.By)&amp;quot; because &amp;quot;this.driver&amp;quot; is null">
      <![CDATA[java.lang.NullPointerException: Cannot invoke "org.openqa.selenium.WebDriver.findElement(org.openqa.selenium.By)" because "this.driver" is null
at com.AppObjects.AppObjects.getusername(AppObjects.java:42)
at com.AppProject.AppLoginTest.verifylogin(AppLoginTest.java:35)
... Removed 25 stack frames]]>
    </failure>
  </testcase> <!-- verifylogin -->
</testsuite> <!-- AppLogin -->
